{"meta": {"format": 3, "version": "7.14.1", "timestamp": "2026-08-03T23:25:34.926222", "branch_coverage": false, "show_contexts": false}, "files": {"scripts/download_backtest_data.py": {"executed_lines": [14, 16, 17, 18, 19, 20, 21, 22, 25, 27, 30, 33, 36, 39, 42, 43, 46, 56, 57, 60, 67, 68, 71, 78, 79, 80, 81, 84, 95, 96, 99, 102, 115, 116, 118, 121, 123, 124, 125, 126, 127, 128, 129, 130, 131, 132, 133, 134, 137, 160, 161, 163, 164, 166, 170, 171, 172, 173, 174, 175, 176, 177, 178, 179, 181, 182, 184, 185, 187, 188, 191, 193, 196, 199, 212, 213, 214, 215, 218, 220, 221, 224, 230, 231, 233, 234, 236, 237, 238, 239, 241, 248, 249, 250, 254, 256, 259, 269, 270, 271, 273, 274, 275, 276, 277, 279, 280, 281, 282, 283, 284, 286, 292, 293, 294, 296, 298, 300, 302, 304, 306, 309, 310, 312, 315, 318, 319, 320, 322, 323, 324, 325, 326, 327, 328, 329, 331, 332, 333, 335, 336, 337, 338, 340, 350, 351, 352, 355, 356, 357, 360, 363, 364, 366, 370, 371, 374], "summary": {"covered_lines": 157, "num_statements": 178, "percent_covered": 88.20224719101124, "percent_covered_display": "88.20", "missing_lines": 21, "excluded_lines": 2, "percent_statements_covered": 88.20224719101124, "percent_statements_covered_display": "88.20"}, "missing_lines": [167, 180, 194, 216, 217, 251, 252, 342, 343, 344, 345, 346, 347, 348, 353, 354, 358, 359, 367, 368, 372], "excluded_lines": [377, 378], "functions": {"get_data_path": {"executed_lines": [56, 57], "summary": {"covered_lines": 2, "num_statements": 2, "percent_covered": 100.0, "percent_covered_display": "100.00", "missing_lines": 0, "excluded_lines": 0, "percent_statements_covered": 100.0, "percent_statements_covered_display": "100.00"}, "missing_lines": [], "excluded_lines": [], "start_line": 46}, "get_meta_path": {"executed_lines": [67, 68], "summary": {"covered_lines": 2, "num_statements": 2, "percent_covered": 100.0, "percent_covered_display": "100.00", "missing_lines": 0, "excluded_lines": 0, "percent_statements_covered": 100.0, "percent_statements_covered_display": "100.00"}, "missing_lines": [], "excluded_lines": [], "start_line": 60}, "load_cached": {"executed_lines": [78, 79, 80, 81], "summary": {"covered_lines": 4, "num_statements": 4, "percent_covered": 100.0, "percent_covered_display": "100.00", "missing_lines": 0, "excluded_lines": 0, "percent_statements_covered": 100.0, "percent_statements_covered_display": "100.00"}, "missing_lines": [], "excluded_lines": [], "start_line": 71}, "save_data": {"executed_lines": [95, 96, 99, 102, 115, 116, 118], "summary": {"covered_lines": 7, "num_statements": 7, "percent_covered": 100.0, "percent_covered_display": "100.00", "missing_lines": 0, "excluded_lines": 0, "percent_statements_covered": 100.0, "percent_statements_covered_display": "100.00"}, "missing_lines": [], "excluded_lines": [], "start_line": 84}, "validate_data": {"executed_lines": [123, 124, 125, 126, 127, 128, 129, 130, 131, 132, 133, 134], "summary": {"covered_lines": 12, "num_statements": 12, "percent_covered": 100.0, "percent_covered_display": "100.00", "missing_lines": 0, "excluded_lines": 0, "percent_statements_covered": 100.0, "percent_statements_covered_display": "100.00"}, "missing_lines": [], "excluded_lines": [], "start_line": 121}, "download_data": {"executed_lines": [160, 161, 163, 164, 166, 170, 171, 172, 173, 174, 175, 176, 177, 178, 179, 181, 182, 184, 185, 187, 188, 191, 193, 196], "summary": {"covered_lines": 24, "num_statements": 27, "percent_covered": 88.88888888888889, "percent_covered_display": "88.89", "missing_lines": 3, "excluded_lines": 0, "percent_statements_covered": 88.88888888888889, "percent_statements_covered_display": "88.89"}, "missing_lines": [167, 180, 194], "excluded_lines": [], "start_line": 137}, "ensure_data": {"executed_lines": [212, 213, 214, 215, 218, 220, 221], "summary": {"covered_lines": 7, "num_statements": 9, "percent_covered": 77.77777777777777, "percent_covered_display": "77.78", "missing_lines": 2, "excluded_lines": 0, "percent_statements_covered": 77.77777777777777, "percent_statements_covered_display": "77.78"}, "missing_lines": [216, 217], "excluded_lines": [], "start_line": 199}, "get_cache_status": {"executed_lines": [230, 231, 233, 234, 236, 237, 238, 239, 241, 248, 249, 250, 254, 256], "summary": {"covered_lines": 14, "num_statements": 16, "percent_covered": 87.5, "percent_covered_display": "87.50", "missing_lines": 2, "excluded_lines": 0, "percent_statements_covered": 87.5, "percent_statements_covered_display": "87.50"}, "missing_lines": [251, 252], "excluded_lines": [], "start_line": 224}, "clean_cache": {"executed_lines": [269, 270, 271, 273, 274, 275, 276, 277, 279, 280, 281, 282, 283, 284, 286], "summary": {"covered_lines": 15, "num_statements": 15, "percent_covered": 100.0, "percent_covered_display": "100.00", "missing_lines": 0, "excluded_lines": 0, "percent_statements_covered": 100.0, "percent_statements_covered_display": "100.00"}, "missing_lines": [], "excluded_lines": [], "start_line": 259}, "_parse_args": {"executed_lines": [293, 294, 296, 298, 300, 302, 304, 306, 309, 310, 312, 315], "summary": {"covered_lines": 12, "num_statements": 12, "percent_covered": 100.0, "percent_covered_display": "100.00", "missing_lines": 0, "excluded_lines": 0, "percent_statements_covered": 100.0, "percent_statements_covered_display": "100.00"}, "missing_lines": [], "excluded_lines": [], "start_line": 292}, "main": {"executed_lines": [319, 320, 322, 323, 324, 325, 326, 327, 328, 329, 331, 332, 333, 335, 336, 337, 338, 340, 350, 351, 352, 355, 356, 357, 360, 363, 364, 366, 370, 371, 374], "summary": {"covered_lines": 31, "num_statements": 45, "percent_covered": 68.88888888888889, "percent_covered_display": "68.89", "missing_lines": 14, "excluded_lines": 0, "percent_statements_covered": 68.88888888888889, "percent_statements_covered_display": "68.89"}, "missing_lines": [342, 343, 344, 345, 346, 347, 348, 353, 354, 358, 359, 367, 368, 372], "excluded_lines": [], "start_line": 318}, "": {"executed_lines": [14, 16, 17, 18, 19, 20, 21, 22, 25, 27, 30, 33, 36, 39, 42, 43, 46, 60, 71, 84, 121, 137, 199, 224, 259, 292, 318], "summary": {"covered_lines": 27, "num_statements": 27, "percent_covered": 100.0, "percent_covered_display": "100.00", "missing_lines": 0, "excluded_lines": 2, "percent_statements_covered": 100.0, "percent_statements_covered_display": "100.00"}, "missing_lines": [], "excluded_lines": [377, 378], "start_line": 1}}, "classes": {"": {"executed_lines": [14, 16, 17, 18, 19, 20, 21, 22, 25, 27, 30, 33, 36, 39, 42, 43, 46, 56, 57, 60, 67, 68, 71, 78, 79, 80, 81, 84, 95, 96, 99, 102, 115, 116, 118, 121, 123, 124, 125, 126, 127, 128, 129, 130, 131, 132, 133, 134, 137, 160, 161, 163, 164, 166, 170, 171, 172, 173, 174, 175, 176, 177, 178, 179, 181, 182, 184, 185, 187, 188, 191, 193, 196, 199, 212, 213, 214, 215, 218, 220, 221, 224, 230, 231, 233, 234, 236, 237, 238, 239, 241, 248, 249, 250, 254, 256, 259, 269, 270, 271, 273, 274, 275, 276, 277, 279, 280, 281, 282, 283, 284, 286, 292, 293, 294, 296, 298, 300, 302, 304, 306, 309, 310, 312, 315, 318, 319, 320, 322, 323, 324, 325, 326, 327, 328, 329, 331, 332, 333, 335, 336, 337, 338, 340, 350, 351, 352, 355, 356, 357, 360, 363, 364, 366, 370, 371, 374], "summary": {"covered_lines": 157, "num_statements": 178, "percent_covered": 88.20224719101124, "percent_covered_display": "88.20", "missing_lines": 21, "excluded_lines": 2, "percent_statements_covered": 88.20224719101124, "percent_statements_covered_display": "88.20"}, "missing_lines": [167, 180, 194, 216, 217, 251, 252, 342, 343, 344, 345, 346, 347, 348, 353, 354, 358, 359, 367, 368, 372], "excluded_lines": [377, 378], "start_line": 1}}}}, "totals": {"covered_lines": 157, "num_statements": 178, "percent_covered": 88.20224719101124, "percent_covered_display": "88.20", "missing_lines": 21, "excluded_lines": 2, "percent_statements_covered": 88.20224719101124, "percent_statements_covered_display": "88.20"}}